<?xml version="1.0" encoding="UTF-8"?>
<!-- Generated by org.testng.reporters.JUnitXMLReporter -->
<testsuite ignored="0" hostname="Zainaya" failures="0" tests="10" name="chromeTest" time="120.655" errors="0" timestamp="2025-02-15T20:25:55 PST">
  <testcase classname="testCases.TC01_LaunchApplication" name="testLaunchApplication" time="0.066"/>
  <testcase classname="testCases.TC06_PurchaseAGiftCertificate" name="testPurchaseAGiftCertificate" time="2.728"/>
  <testcase classname="testCases.TC03_AddToCart" name="testAddToCart" time="2.43"/>
  <testcase classname="testCases.TC02_Login" name="testLogin" time="2.806"/>
  <testcase classname="testCases.TC02_Login" name="testLogin" time="2.711"/>
  <testcase classname="testCases.TC02_Login" name="testLogin" time="2.902"/>
  <testcase classname="testCases.TC02_Login" name="testLogin" time="3.0"/>
  <testcase classname="testCases.TC02_Login" name="testLogin" time="3.074"/>
  <testcase classname="testCases.TC05_AddAnItemToWishList" name="testAddToWishList" time="2.357"/>
  <testcase classname="testCases.TC04_CompletePurchase" name="testCompletePurchase" time="70.747"/>
</testsuite> <!-- chromeTest -->
