<?xml version="1.0" encoding="UTF-8"?>
<!-- Generated by org.testng.reporters.JUnitXMLReporter -->
<testsuite ignored="0" hostname="Zainaya" failures="0" tests="10" name="edgeTest" time="127.358" errors="0" timestamp="2025-02-15T20:26:02 PST">
  <testcase classname="testCases.TC01_LaunchApplication" name="testLaunchApplication" time="0.143"/>
  <testcase classname="testCases.TC06_PurchaseAGiftCertificate" name="testPurchaseAGiftCertificate" time="2.628"/>
  <testcase classname="testCases.TC03_AddToCart" name="testAddToCart" time="2.127"/>
  <testcase classname="testCases.TC02_Login" name="testLogin" time="3.289"/>
  <testcase classname="testCases.TC02_Login" name="testLogin" time="2.759"/>
  <testcase classname="testCases.TC02_Login" name="testLogin" time="3.166"/>
  <testcase classname="testCases.TC02_Login" name="testLogin" time="2.798"/>
  <testcase classname="testCases.TC02_Login" name="testLogin" time="2.769"/>
  <testcase classname="testCases.TC05_AddAnItemToWishList" name="testAddToWishList" time="2.093"/>
  <testcase classname="testCases.TC04_CompletePurchase" name="testCompletePurchase" time="73.093"/>
</testsuite> <!-- edgeTest -->
