<?xml version="1.0" encoding="UTF-8"?>
<!-- Generated by org.testng.reporters.JUnitXMLReporter -->
<testsuite ignored="0" hostname="Zainaya" failures="0" tests="10" name="firefoxTest" time="137.8" errors="0" timestamp="2025-02-15T20:26:12 PST">
  <testcase classname="testCases.TC01_LaunchApplication" name="testLaunchApplication" time="0.051"/>
  <testcase classname="testCases.TC06_PurchaseAGiftCertificate" name="testPurchaseAGiftCertificate" time="2.306"/>
  <testcase classname="testCases.TC03_AddToCart" name="testAddToCart" time="2.511"/>
  <testcase classname="testCases.TC02_Login" name="testLogin" time="2.786"/>
  <testcase classname="testCases.TC02_Login" name="testLogin" time="2.856"/>
  <testcase classname="testCases.TC02_Login" name="testLogin" time="2.63"/>
  <testcase classname="testCases.TC02_Login" name="testLogin" time="2.687"/>
  <testcase classname="testCases.TC02_Login" name="testLogin" time="2.477"/>
  <testcase classname="testCases.TC05_AddAnItemToWishList" name="testAddToWishList" time="1.909"/>
  <testcase classname="testCases.TC04_CompletePurchase" name="testCompletePurchase" time="70.996"/>
</testsuite> <!-- firefoxTest -->
