<?xml version="1.0" encoding="UTF-8"?>
<!-- Generated by org.testng.reporters.JUnitXMLReporter -->
<testsuite ignored="0" hostname="Zainaya" failures="0" tests="10" name="Test" time="63.969" errors="0" timestamp="2025-02-07T15:35:03 PST">
  <testcase classname="testCases.TC01_LaunchApplication" name="testLaunchApplication" time="0.142"/>
  <testcase classname="testCases.TC06_PurchaseAGiftCertificate" name="testPurchaseAGiftCertificate" time="2.057"/>
  <testcase classname="testCases.TC03_AddToCart" name="testAddAnItemToWishList" time="2.136"/>
  <testcase classname="testCases.TC02_Login" name="testLogin" time="2.424"/>
  <testcase classname="testCases.TC02_Login" name="testLogin" time="2.541"/>
  <testcase classname="testCases.TC02_Login" name="testLogin" time="2.268"/>
  <testcase classname="testCases.TC02_Login" name="testLogin" time="2.239"/>
  <testcase classname="testCases.TC02_Login" name="testLogin" time="2.208"/>
  <testcase classname="testCases.TC05_AddAnItemToWishList" name="testAddToCart" time="1.916"/>
  <testcase classname="testCases.TC04_CompletePurchase" name="testCompletePurchase" time="20.089"/>
</testsuite> <!-- Test -->
