<?xml version="1.0" encoding="UTF-8"?>
<!-- Generated by org.testng.reporters.JUnitXMLReporter -->
<testsuite ignored="0" hostname="DESKTOP-BEBDK66" failures="0" tests="2" name="chromeTest" time="0.69" errors="0" timestamp="2025-02-19T11:40:23 EST">
  <testcase classname="testCases.TC01_LaunchApplication" name="testLaunchApplication" time="0.007">
    <skipped/>
  </testcase> <!-- testLaunchApplication -->
  <testcase classname="testCases.TC01_LaunchApplication" name="testLaunchApplication" time="0.002">
    <skipped/>
  </testcase> <!-- testLaunchApplication -->
</testsuite> <!-- chromeTest -->
